        -:    0:Source:tmp.c
        -:    0:Graph:tmp.gcno
        -:    0:Data:-
        -:    0:Runs:0
        -:    0:Programs:0
        -:    1:
        -:    2:#include <stdio.h>
        -:    3:
function main called 0 returned 0% blocks executed 0%
    #####:    4:int main()
        -:    5:{
        -:    6:
        -:    7:	int i, total;
        -:    8:
    #####:    9:	total = 0;
        -:   10:
    #####:   11:	for(i=0;i<10; i++)
branch  0 never executed
branch  1 never executed
    #####:   12:		total+=i;
        -:   13:
        -:   14:
    #####:   15:	if(total !=45)
branch  0 never executed
branch  1 never executed
    #####:   16:		printf("fail\n");
        -:   17:	else
    #####:   18:		printf("success\n");
    #####:   19:}
