        -:    0:Source:tmp2.cc
        -:    0:Graph:tmp2.gcno
        -:    0:Data:-
        -:    0:Runs:0
        -:    0:Programs:0
        -:    1:#include <iostream>
        -:    2:
        -:    3:
        -:    4:using namespace std;
        -:    5:
    #####:    6:int main()
        -:    7:{
        -:    8:
        -:    9:
    #####:   10:	int a, b = 0;
        -:   11:
    #####:   12:	int c = 0;
        -:   13:
        -:   14:
    #####:   15:	c= a+b ;
        -:   16:
    #####:   17:	cout<<c <<endl;
        -:   18:
        -:   19:
    #####:   20:	return 0;
        -:   21:}
